1536059623.795441 client started (1415): version 2.6, socket /tmp/tmux-1000/default, protocol 8
1536059623.795547 on Linux 4.4.0-17134-Microsoft #137-Microsoft Thu Jun 14 18:46:00 PST 2018; libevent 2.1.8-stable (poll)
1536059623.795572 socket is /tmp/tmux-1000/default
1536059623.795586 trying connect
1536059623.795676 add peer 0x7fffe8bf3eb0: 6 ((nil))
1536059623.795779 sending message 100 to peer 0x7fffe8bf3eb0 (4 bytes)
1536059623.795813 sending message 101 to peer 0x7fffe8bf3eb0 (16 bytes)
1536059623.795998 sending message 102 to peer 0x7fffe8bf3eb0 (11 bytes)
1536059623.796005 sending message 108 to peer 0x7fffe8bf3eb0 (18 bytes)
1536059623.796013 sending message 104 to peer 0x7fffe8bf3eb0 (0 bytes)
1536059623.796019 sending message 107 to peer 0x7fffe8bf3eb0 (4 bytes)
1536059623.796024 sending message 105 to peer 0x7fffe8bf3eb0 (14 bytes)
1536059623.796029 sending message 105 to peer 0x7fffe8bf3eb0 (11 bytes)
1536059623.796034 sending message 105 to peer 0x7fffe8bf3eb0 (29 bytes)
1536059623.796040 sending message 105 to peer 0x7fffe8bf3eb0 (14 bytes)
1536059623.796045 sending message 105 to peer 0x7fffe8bf3eb0 (15 bytes)
1536059623.796050 sending message 105 to peer 0x7fffe8bf3eb0 (16 bytes)
1536059623.796055 sending message 105 to peer 0x7fffe8bf3eb0 (17 bytes)
1536059623.796060 sending message 105 to peer 0x7fffe8bf3eb0 (12 bytes)
1536059623.796065 sending message 105 to peer 0x7fffe8bf3eb0 (32 bytes)
1536059623.796070 sending message 105 to peer 0x7fffe8bf3eb0 (107 bytes)
1536059623.796075 sending message 105 to peer 0x7fffe8bf3eb0 (17 bytes)
1536059623.796081 sending message 105 to peer 0x7fffe8bf3eb0 (17 bytes)
1536059623.796091 sending message 105 to peer 0x7fffe8bf3eb0 (1738 bytes)
1536059623.796142 sending message 105 to peer 0x7fffe8bf3eb0 (22 bytes)
1536059623.796149 sending message 105 to peer 0x7fffe8bf3eb0 (28 bytes)
1536059623.796154 sending message 105 to peer 0x7fffe8bf3eb0 (16 bytes)
1536059623.796159 sending message 105 to peer 0x7fffe8bf3eb0 (17 bytes)
1536059623.796164 sending message 105 to peer 0x7fffe8bf3eb0 (19 bytes)
1536059623.796170 sending message 105 to peer 0x7fffe8bf3eb0 (8 bytes)
1536059623.796175 sending message 105 to peer 0x7fffe8bf3eb0 (21 bytes)
1536059623.796180 sending message 105 to peer 0x7fffe8bf3eb0 (34 bytes)
1536059623.796185 sending message 105 to peer 0x7fffe8bf3eb0 (13 bytes)
1536059623.796191 sending message 105 to peer 0x7fffe8bf3eb0 (9 bytes)
1536059623.796196 sending message 105 to peer 0x7fffe8bf3eb0 (16 bytes)
1536059623.796201 sending message 105 to peer 0x7fffe8bf3eb0 (16 bytes)
1536059623.796207 sending message 105 to peer 0x7fffe8bf3eb0 (16 bytes)
1536059623.796212 sending message 106 to peer 0x7fffe8bf3eb0 (0 bytes)
1536059623.796219 sending message 200 to peer 0x7fffe8bf3eb0 (4 bytes)
1536059623.796224 client loop enter
1536059623.799706 peer 0x7fffe8bf3eb0 message 211
1536059623.799737 peer 0x7fffe8bf3eb0 message 203
1536059623.799745 client loop exit
